2024-11-20 05:51:21,525 [INFO]: Гистограмма времени в открытом состоянии успешно построена.
2024-11-20 05:51:21,525 [INFO]: Гистограмма времени в открытом состоянии успешно построена.
2024-11-20 05:52:36,360 [INFO]: Диаграммы распределения времени по состояниям успешно построены.
2024-11-20 05:52:36,360 [INFO]: Диаграммы распределения времени по состояниям успешно построены.
2024-11-20 05:54:06,053 [INFO]: График создания и закрытия задач успешно построен.
2024-11-20 05:54:06,053 [INFO]: График создания и закрытия задач успешно построен.
2024-11-20 05:54:50,260 [INFO]: График задач для пользователей успешно построен.
2024-11-20 05:54:50,260 [INFO]: График задач для пользователей успешно построен.
2024-11-20 05:55:50,252 [INFO]: Гистограмма времени выполнения задач успешно построена.
2024-11-20 05:55:50,252 [INFO]: Гистограмма времени выполнения задач успешно построена.
2024-11-20 05:58:42,907 [INFO]: График задач по степени серьезности успешно построен.
2024-11-20 05:58:42,907 [INFO]: График задач по степени серьезности успешно построен.
2024-11-20 06:22:03,518 [INFO]: Нет данных для построения гистограммы задач со статусом 'Reopened'.
2024-11-20 06:22:03,518 [INFO]: Нет данных для построения гистограммы задач со статусом 'Reopened'.
2024-11-20 06:22:06,083 [INFO]: Диаграммы распределения времени по состояниям успешно построены.
2024-11-20 06:22:06,083 [INFO]: Диаграммы распределения времени по состояниям успешно построены.
2024-11-20 06:22:07,769 [INFO]: График создания и закрытия задач успешно построен.
2024-11-20 06:22:07,769 [INFO]: График создания и закрытия задач успешно построен.
2024-11-20 06:22:09,131 [INFO]: График задач для пользователей успешно построен.
2024-11-20 06:22:09,131 [INFO]: График задач для пользователей успешно построен.
2024-11-20 06:22:11,362 [INFO]: Нет данных для построения гистограммы времени выполнения задач.
2024-11-20 06:22:11,362 [INFO]: Нет данных для построения гистограммы времени выполнения задач.
2024-11-20 06:22:12,544 [INFO]: График задач по степени серьезности успешно построен.
2024-11-20 06:22:12,544 [INFO]: График задач по степени серьезности успешно построен.
2024-11-20 06:23:44,392 [INFO]: Нет данных для построения гистограммы задач со статусом 'Open'.
2024-11-20 06:23:44,392 [INFO]: Нет данных для построения гистограммы задач со статусом 'Open'.
2024-11-20 06:24:01,729 [INFO]: Нет данных для построения гистограммы задач со статусом 'Reopened'.
2024-11-20 06:24:01,729 [INFO]: Нет данных для построения гистограммы задач со статусом 'Reopened'.
2024-11-20 06:24:03,571 [INFO]: Нет данных для построения гистограммы задач со статусом 'Resolved'.
2024-11-20 06:24:03,571 [INFO]: Нет данных для построения гистограммы задач со статусом 'Resolved'.
2024-11-20 06:24:05,677 [INFO]: Гистограмма времени задач со статусом 'Closed' успешно построена.
2024-11-20 06:24:05,677 [INFO]: Гистограмма времени задач со статусом 'Closed' успешно построена.
2024-11-20 06:24:08,206 [INFO]: Нет данных для построения гистограммы задач со статусом 'Patch Available'.
2024-11-20 06:24:08,206 [INFO]: Нет данных для построения гистограммы задач со статусом 'Patch Available'.
2024-11-20 06:24:11,281 [INFO]: Нет данных для построения гистограммы задач со статусом 'In Progress'.
2024-11-20 06:24:11,281 [INFO]: Нет данных для построения гистограммы задач со статусом 'In Progress'.
2024-11-20 06:24:19,007 [INFO]: Нет данных для построения гистограммы задач со статусом 'Open'.
2024-11-20 06:24:19,007 [INFO]: Нет данных для построения гистограммы задач со статусом 'Open'.
2024-11-20 06:25:08,085 [INFO]: Нет данных для построения гистограммы задач со статусом 'Resolved'.
2024-11-20 06:25:08,085 [INFO]: Нет данных для построения гистограммы задач со статусом 'Resolved'.
2024-11-20 06:27:03,695 [INFO]: Диаграммы распределения времени по состояниям успешно построены.
2024-11-20 06:27:03,695 [INFO]: Диаграммы распределения времени по состояниям успешно построены.
2024-11-20 06:29:21,326 [INFO]: Нет данных для построения гистограммы времени выполнения задач.
2024-11-20 06:29:21,326 [INFO]: Нет данных для построения гистограммы времени выполнения задач.
2024-11-20 06:31:43,637 [INFO]: Гистограмма времени в открытом состоянии успешно построена.
2024-11-20 06:31:43,637 [INFO]: Гистограмма времени в открытом состоянии успешно построена.
2024-11-20 06:32:08,835 [INFO]: Нет данных для построения диаграмм для статуса 'Reopened'.
2024-11-20 06:32:08,835 [INFO]: Нет данных для построения диаграмм для статуса 'Reopened'.
2024-11-20 06:32:14,795 [INFO]: Нет данных для построения диаграмм для статуса 'Resolved'.
2024-11-20 06:32:14,795 [INFO]: Нет данных для построения диаграмм для статуса 'Resolved'.
2024-11-20 06:32:17,663 [INFO]: Нет данных для построения диаграмм для статуса 'Closed'.
2024-11-20 06:32:17,663 [INFO]: Нет данных для построения диаграмм для статуса 'Closed'.
2024-11-20 06:32:28,692 [INFO]: Нет данных для построения диаграмм для статуса 'Closed'.
2024-11-20 06:32:28,692 [INFO]: Нет данных для построения диаграмм для статуса 'Closed'.
2024-11-20 06:32:35,045 [INFO]: Нет данных для построения диаграмм для статуса 'Open'.
2024-11-20 06:32:35,045 [INFO]: Нет данных для построения диаграмм для статуса 'Open'.
2024-11-20 06:32:45,489 [INFO]: Нет данных для построения диаграмм для статуса 'Patch Available'.
2024-11-20 06:32:45,489 [INFO]: Нет данных для построения диаграмм для статуса 'Patch Available'.
2024-11-20 06:37:49,823 [INFO]: Гистограмма времени в открытом состоянии успешно построена.
2024-11-20 06:37:49,823 [INFO]: Гистограмма времени в открытом состоянии успешно построена.
2024-11-20 06:38:05,091 [INFO]: Гистограмма времени в открытом состоянии успешно построена.
2024-11-20 06:38:05,091 [INFO]: Гистограмма времени в открытом состоянии успешно построена.
2024-11-20 06:38:14,682 [INFO]: Начинаем обработку задач для статуса 'Reopened'.
2024-11-20 06:38:14,682 [INFO]: Начинаем обработку задач для статуса 'Reopened'.
2024-11-20 06:38:14,694 [INFO]: Нет данных для построения диаграмм для статуса 'Reopened'.
2024-11-20 06:38:14,694 [INFO]: Нет данных для построения диаграмм для статуса 'Reopened'.
2024-11-20 06:38:23,473 [INFO]: График создания и закрытия задач успешно построен.
2024-11-20 06:38:23,473 [INFO]: График создания и закрытия задач успешно построен.
2024-11-20 06:38:24,963 [INFO]: График задач для пользователей успешно построен.
2024-11-20 06:38:24,963 [INFO]: График задач для пользователей успешно построен.
2024-11-20 06:48:24,780 [INFO]: Начинаем обработку задач для статуса 'Reopened'.
2024-11-20 06:48:24,780 [INFO]: Начинаем обработку задач для статуса 'Reopened'.
2024-11-20 06:48:24,788 [INFO]: Нет данных для построения диаграмм для статуса 'Reopened'.
2024-11-20 06:48:24,788 [INFO]: Нет данных для построения диаграмм для статуса 'Reopened'.
2024-11-20 06:48:33,839 [INFO]: Начинаем обработку задач для статуса 'Open'.
2024-11-20 06:48:33,839 [INFO]: Начинаем обработку задач для статуса 'Open'.
2024-11-20 06:48:33,846 [INFO]: Нет данных для построения диаграмм для статуса 'Open'.
2024-11-20 06:48:33,846 [INFO]: Нет данных для построения диаграмм для статуса 'Open'.
2024-11-20 06:48:46,171 [INFO]: Начинаем обработку задач для статуса 'Closed'.
2024-11-20 06:48:46,171 [INFO]: Начинаем обработку задач для статуса 'Closed'.
2024-11-20 06:48:46,177 [INFO]: Нет данных для построения диаграмм для статуса 'Closed'.
2024-11-20 06:48:46,177 [INFO]: Нет данных для построения диаграмм для статуса 'Closed'.
2024-11-20 06:50:12,074 [INFO]: Нет данных для построения гистограммы времени выполнения задач.
2024-11-20 06:50:12,074 [INFO]: Нет данных для построения гистограммы времени выполнения задач.
2024-11-20 06:56:41,032 [INFO]: Начинаем обработку задач для статуса 'Closed'.
2024-11-20 06:56:41,032 [INFO]: Начинаем обработку задач для статуса 'Closed'.
2024-11-20 06:56:41,040 [INFO]: Нет данных для построения диаграмм для статуса 'Closed'.
2024-11-20 06:56:41,040 [INFO]: Нет данных для построения диаграмм для статуса 'Closed'.
2024-11-20 06:56:49,232 [INFO]: Начинаем обработку задач для статуса 'Open'.
2024-11-20 06:56:49,232 [INFO]: Начинаем обработку задач для статуса 'Open'.
2024-11-20 06:56:49,239 [INFO]: Нет данных для построения диаграмм для статуса 'Open'.
2024-11-20 06:56:49,239 [INFO]: Нет данных для построения диаграмм для статуса 'Open'.
2024-11-20 07:00:34,719 [INFO]: Начинаем обработку задач для статуса 'Reopened'.
2024-11-20 07:00:34,719 [INFO]: Начинаем обработку задач для статуса 'Reopened'.
2024-11-20 07:00:34,730 [INFO]: Нет данных для построения диаграмм для статуса 'Reopened'.
2024-11-20 07:00:34,730 [INFO]: Нет данных для построения диаграмм для статуса 'Reopened'.
2024-11-20 07:00:50,970 [INFO]: Начинаем обработку задач для статуса 'Closed'.
2024-11-20 07:00:50,970 [INFO]: Начинаем обработку задач для статуса 'Closed'.
2024-11-20 07:00:50,976 [INFO]: Нет данных для построения диаграмм для статуса 'Closed'.
2024-11-20 07:00:50,976 [INFO]: Нет данных для построения диаграмм для статуса 'Closed'.
2024-11-20 07:03:24,082 [INFO]: Начинаем обработку задач для статуса 'Open'.
2024-11-20 07:03:24,082 [INFO]: Начинаем обработку задач для статуса 'Open'.
2024-11-20 07:03:24,091 [INFO]: Нет данных для построения диаграмм для статуса 'Open'.
2024-11-20 07:03:24,091 [INFO]: Нет данных для построения диаграмм для статуса 'Open'.
2024-11-20 07:04:33,812 [INFO]: Диаграммы распределения времени по состояниям успешно построены.
2024-11-20 07:04:33,812 [INFO]: Диаграммы распределения времени по состояниям успешно построены.
2024-11-20 07:04:44,833 [INFO]: Нет данных для построения гистограммы времени выполнения задач.
2024-11-20 07:04:44,833 [INFO]: Нет данных для построения гистограммы времени выполнения задач.
2024-11-20 07:10:34,873 [INFO]: Диаграммы распределения времени по состояниям успешно построены.
2024-11-20 07:10:34,873 [INFO]: Диаграммы распределения времени по состояниям успешно построены.
2024-11-20 07:36:50,946 [INFO]: Диаграммы распределения времени по состояниям успешно построены.
2024-11-20 07:36:50,946 [INFO]: Диаграммы распределения времени по состояниям успешно построены.
2024-11-20 07:37:08,074 [INFO]: Диаграммы распределения времени по состояниям успешно построены.
2024-11-20 07:37:08,074 [INFO]: Диаграммы распределения времени по состояниям успешно построены.
2024-11-20 07:37:12,676 [INFO]: Диаграммы распределения времени по состояниям успешно построены.
2024-11-20 07:37:12,676 [INFO]: Диаграммы распределения времени по состояниям успешно построены.
2024-11-20 07:38:04,392 [INFO]: Гистограмма времени в открытом состоянии успешно построена.
2024-11-20 07:38:04,392 [INFO]: Гистограмма времени в открытом состоянии успешно построена.
2024-11-20 07:38:07,888 [INFO]: График создания и закрытия задач успешно построен.
2024-11-20 07:38:07,888 [INFO]: График создания и закрытия задач успешно построен.
2024-11-20 07:38:13,687 [INFO]: График задач для пользователей успешно построен.
2024-11-20 07:38:13,687 [INFO]: График задач для пользователей успешно построен.
2024-11-20 07:38:20,226 [INFO]: Нет данных для построения гистограммы времени выполнения задач.
2024-11-20 07:38:20,226 [INFO]: Нет данных для построения гистограммы времени выполнения задач.
2024-11-20 07:50:50,773 [INFO]: Нет данных для построения гистограммы времени выполнения задач.
2024-11-20 07:50:50,773 [INFO]: Нет данных для построения гистограммы времени выполнения задач.
2024-11-20 08:11:41,612 [INFO]: Гистограмма времени в открытом состоянии успешно построена.
2024-11-20 08:11:41,612 [INFO]: Гистограмма времени в открытом состоянии успешно построена.
2024-11-20 08:11:49,185 [INFO]: Диаграммы распределения времени по состояниям успешно построены.
2024-11-20 08:11:49,185 [INFO]: Диаграммы распределения времени по состояниям успешно построены.
2024-11-20 08:11:50,924 [INFO]: График создания и закрытия задач успешно построен.
2024-11-20 08:11:50,924 [INFO]: График создания и закрытия задач успешно построен.
2024-11-20 08:11:58,197 [INFO]: График задач для пользователей успешно построен.
2024-11-20 08:11:58,197 [INFO]: График задач для пользователей успешно построен.
2024-11-20 08:12:00,351 [INFO]: График задач по степени серьезности успешно построен.
2024-11-20 08:12:00,351 [INFO]: График задач по степени серьезности успешно построен.
2024-11-20 08:12:04,901 [INFO]: Нет данных для построения гистограммы времени выполнения задач.
2024-11-20 08:12:04,901 [INFO]: Нет данных для построения гистограммы времени выполнения задач.
2024-11-20 08:22:27,651 [INFO]: Гистограмма времени в открытом состоянии успешно построена.
2024-11-20 08:22:27,651 [INFO]: Гистограмма времени в открытом состоянии успешно построена.
2024-11-20 08:26:31,106 [INFO]: График задач по степени серьезности успешно построен.
2024-11-20 08:26:31,106 [INFO]: График задач по степени серьезности успешно построен.
2024-11-20 08:41:18,556 [INFO]: Гистограмма времени выполнения задач для проекта 'ZOOKEEPER' успешно построена.
2024-11-20 08:41:18,556 [INFO]: Гистограмма времени выполнения задач для проекта 'ZOOKEEPER' успешно построена.
2024-11-20 08:42:56,181 [INFO]: Диаграммы распределения времени по состояниям успешно построены.
2024-11-20 08:42:56,181 [INFO]: Диаграммы распределения времени по состояниям успешно построены.
2024-11-20 08:42:58,603 [INFO]: Диаграммы распределения времени по состояниям успешно построены.
2024-11-20 08:42:58,603 [INFO]: Диаграммы распределения времени по состояниям успешно построены.
2024-11-20 08:43:00,928 [INFO]: Диаграммы распределения времени по состояниям успешно построены.
2024-11-20 08:43:00,928 [INFO]: Диаграммы распределения времени по состояниям успешно построены.
2024-11-20 08:43:05,025 [INFO]: Диаграммы распределения времени по состояниям успешно построены.
2024-11-20 08:43:05,025 [INFO]: Диаграммы распределения времени по состояниям успешно построены.
2024-11-20 08:43:08,038 [INFO]: Диаграммы распределения времени по состояниям успешно построены.
2024-11-20 08:43:08,038 [INFO]: Диаграммы распределения времени по состояниям успешно построены.
2024-11-20 08:43:16,968 [INFO]: Диаграммы распределения времени по состояниям успешно построены.
2024-11-20 08:43:16,968 [INFO]: Диаграммы распределения времени по состояниям успешно построены.
2024-11-20 08:43:19,368 [INFO]: Диаграммы распределения времени по состояниям успешно построены.
2024-11-20 08:43:19,368 [INFO]: Диаграммы распределения времени по состояниям успешно построены.
2024-11-20 08:43:30,334 [INFO]: График создания и закрытия задач успешно построен.
2024-11-20 08:43:30,334 [INFO]: График создания и закрытия задач успешно построен.
2024-11-20 08:43:31,721 [INFO]: График задач для пользователей успешно построен.
2024-11-20 08:43:31,721 [INFO]: График задач для пользователей успешно построен.
2024-11-20 08:43:32,690 [INFO]: Гистограмма времени выполнения задач для проекта 'ZOOKEEPER' успешно построена.
2024-11-20 08:43:32,690 [INFO]: Гистограмма времени выполнения задач для проекта 'ZOOKEEPER' успешно построена.
2024-11-20 08:43:33,794 [INFO]: График задач по степени серьезности успешно построен.
2024-11-20 08:43:33,794 [INFO]: График задач по степени серьезности успешно построен.
2024-11-20 09:08:47,910 [INFO]: Диаграммы распределения времени по состояниям успешно построены.
2024-11-20 09:08:47,910 [INFO]: Диаграммы распределения времени по состояниям успешно построены.
2024-11-20 09:11:03,788 [INFO]: Диаграммы распределения времени по состояниям успешно построены.
2024-11-20 09:11:03,788 [INFO]: Диаграммы распределения времени по состояниям успешно построены.
2024-11-20 09:26:26,708 [INFO]: Диаграммы распределения времени по состояниям успешно построены.
2024-11-20 09:26:26,708 [INFO]: Диаграммы распределения времени по состояниям успешно построены.
2024-11-20 09:35:05,736 [INFO]: Диаграммы распределения времени по состояниям успешно построены.
2024-11-20 09:35:05,736 [INFO]: Диаграммы распределения времени по состояниям успешно построены.
2024-11-20 09:37:41,651 [INFO]: Диаграммы распределения времени по состояниям успешно построены.
2024-11-20 09:37:41,651 [INFO]: Диаграммы распределения времени по состояниям успешно построены.
2024-11-20 09:37:45,798 [INFO]: Диаграммы распределения времени по состояниям успешно построены.
2024-11-20 09:37:45,798 [INFO]: Диаграммы распределения времени по состояниям успешно построены.
2024-11-22 15:01:09,318 [INFO]: Диаграммы распределения времени по состояниям успешно построены.
2024-11-22 15:01:09,318 [INFO]: Диаграммы распределения времени по состояниям успешно построены.
